<?xml version="1.0" encoding="UTF-8"?>
<!-- Generated by org.testng.reporters.JUnitXMLReporter -->
<testsuite hostname="Sravans-MBP" ignored="0" name="EndToEndUITests" tests="4" failures="1" timestamp="20 Feb 2023 07:23:29 GMT" time="262.021" errors="0">
  <testcase name="searchFlightWithTodayDateTest" time="29.495" classname="tests.SearchFlights"/>
  <testcase name="searchFlightWithTomorrowDateTest" time="28.813" classname="tests.SearchFlights"/>
  <testcase name="searchFlightsAndVerifyWithFlightNumber" time="44.423" classname="tests.SearchFlights"/>
  <testcase name="searchWithFlightNumber" time="138.548" classname="tests.SearchFlights">
    <failure type="java.lang.AssertionError" message="expected [true] but found [false]">
      <![CDATA[java.lang.AssertionError: expected [true] but found [false]
at tests.SearchFlights.searchWithFlightNumber(SearchFlights.java:205)
... Removed 29 stack frames]]>
    </failure>
  </testcase> <!-- searchWithFlightNumber -->
</testsuite> <!-- EndToEndUITests -->
